<?xml version="1.0" encoding="UTF-8"?>
<!-- Generated by org.testng.reporters.JUnitXMLReporter -->
<testsuite ignored="0" hostname="QSP" failures="0" tests="4" name="Test" time="0.221" errors="0" timestamp="2022-02-18T08:48:43 IST">
  <testcase classname="testscripts.Tstcase1" name="tc1" time="0.026"/>
  <testcase classname="testscripts.Tstcase2" name="tc2" time="0.006"/>
  <testcase classname="testscripts.Tstcase3" name="tc3" time="0.009"/>
  <testcase classname="testscripts.Tstcase4" name="tc4" time="0.007"/>
</testsuite> <!-- Test -->
