<?xml version="1.0" encoding="UTF-8"?>
<testng-results ignored="0" total="4" passed="4" failed="0" skipped="0">
  <reporter-output>
    <line>
      <![CDATA[hello java]]>
    </line>
    <line>
      <![CDATA[hello selenium]]>
    </line>
    <line>
      <![CDATA[hello appium]]>
    </line>
    <line>
      <![CDATA[hello python]]>
    </line>
  </reporter-output>
  <suite started-at="2022-02-18T08:48:43 IST" name="Suite" finished-at="2022-02-18T08:48:43 IST" duration-ms="221">
    <groups>
    </groups>
    <test started-at="2022-02-18T08:48:43 IST" name="Test" finished-at="2022-02-18T08:48:43 IST" duration-ms="221">
      <class name="testscripts.Tstcase3">
        <test-method signature="tc3()[pri:0, instance:testscripts.Tstcase3@6f27a732]" started-at="2022-02-18T08:48:43 IST" name="tc3" finished-at="2022-02-18T08:48:43 IST" duration-ms="9" status="PASS">
          <reporter-output>
            <line>
              <![CDATA[hello appium]]>
            </line>
          </reporter-output>
        </test-method> <!-- tc3 -->
      </class> <!-- testscripts.Tstcase3 -->
      <class name="testscripts.Tstcase4">
        <test-method signature="tc4()[pri:0, instance:testscripts.Tstcase4@6c779568]" started-at="2022-02-18T08:48:43 IST" name="tc4" finished-at="2022-02-18T08:48:43 IST" duration-ms="7" status="PASS">
          <reporter-output>
            <line>
              <![CDATA[hello python]]>
            </line>
          </reporter-output>
        </test-method> <!-- tc4 -->
      </class> <!-- testscripts.Tstcase4 -->
      <class name="testscripts.Tstcase1">
        <test-method signature="tc1()[pri:0, instance:testscripts.Tstcase1@76f2bbc1]" started-at="2022-02-18T08:48:43 IST" name="tc1" finished-at="2022-02-18T08:48:43 IST" duration-ms="26" status="PASS">
          <reporter-output>
            <line>
              <![CDATA[hello java]]>
            </line>
          </reporter-output>
        </test-method> <!-- tc1 -->
      </class> <!-- testscripts.Tstcase1 -->
      <class name="testscripts.Tstcase2">
        <test-method signature="tc2()[pri:0, instance:testscripts.Tstcase2@68e965f5]" started-at="2022-02-18T08:48:43 IST" name="tc2" finished-at="2022-02-18T08:48:43 IST" duration-ms="6" status="PASS">
          <reporter-output>
            <line>
              <![CDATA[hello selenium]]>
            </line>
          </reporter-output>
        </test-method> <!-- tc2 -->
      </class> <!-- testscripts.Tstcase2 -->
    </test> <!-- Test -->
  </suite> <!-- Suite -->
</testng-results>
